Determining if the pthread_create exist failed with the following output:
Change Dir: /home/iaslab/TesiRC/d2co/build/CMakeFiles/CMakeTmp

Run Build Command:"/usr/bin/make" "cmTC_8958b/fast"
/usr/bin/make -f CMakeFiles/cmTC_8958b.dir/build.make CMakeFiles/cmTC_8958b.dir/build
make[1]: Entering directory '/home/iaslab/TesiRC/d2co/build/CMakeFiles/CMakeTmp'
Building C object CMakeFiles/cmTC_8958b.dir/CheckSymbolExists.c.o
/usr/bin/cc    -o CMakeFiles/cmTC_8958b.dir/CheckSymbolExists.c.o   -c /home/iaslab/TesiRC/d2co/build/CMakeFiles/CMakeTmp/CheckSymbolExists.c
Linking C executable cmTC_8958b
/usr/bin/cmake -E cmake_link_script CMakeFiles/cmTC_8958b.dir/link.txt --verbose=1
/usr/bin/cc       CMakeFiles/cmTC_8958b.dir/CheckSymbolExists.c.o  -o cmTC_8958b 
CMakeFiles/cmTC_8958b.dir/CheckSymbolExists.c.o: In function `main':
CheckSymbolExists.c:(.text+0x1b): undefined reference to `pthread_create'
collect2: error: ld returned 1 exit status
CMakeFiles/cmTC_8958b.dir/build.make:97: recipe for target 'cmTC_8958b' failed
make[1]: *** [cmTC_8958b] Error 1
make[1]: Leaving directory '/home/iaslab/TesiRC/d2co/build/CMakeFiles/CMakeTmp'
Makefile:126: recipe for target 'cmTC_8958b/fast' failed
make: *** [cmTC_8958b/fast] Error 2

File /home/iaslab/TesiRC/d2co/build/CMakeFiles/CMakeTmp/CheckSymbolExists.c:
/* */
#include <pthread.h>

int main(int argc, char** argv)
{
  (void)argv;
#ifndef pthread_create
  return ((int*)(&pthread_create))[argc];
#else
  (void)argc;
  return 0;
#endif
}

Determining if the function pthread_create exists in the pthreads failed with the following output:
Change Dir: /home/iaslab/TesiRC/d2co/build/CMakeFiles/CMakeTmp

Run Build Command:"/usr/bin/make" "cmTC_2619f/fast"
/usr/bin/make -f CMakeFiles/cmTC_2619f.dir/build.make CMakeFiles/cmTC_2619f.dir/build
make[1]: Entering directory '/home/iaslab/TesiRC/d2co/build/CMakeFiles/CMakeTmp'
Building C object CMakeFiles/cmTC_2619f.dir/CheckFunctionExists.c.o
/usr/bin/cc   -DCHECK_FUNCTION_EXISTS=pthread_create   -o CMakeFiles/cmTC_2619f.dir/CheckFunctionExists.c.o   -c /usr/share/cmake-3.10/Modules/CheckFunctionExists.c
Linking C executable cmTC_2619f
/usr/bin/cmake -E cmake_link_script CMakeFiles/cmTC_2619f.dir/link.txt --verbose=1
/usr/bin/cc  -DCHECK_FUNCTION_EXISTS=pthread_create     CMakeFiles/cmTC_2619f.dir/CheckFunctionExists.c.o  -o cmTC_2619f -lpthreads 
/usr/bin/ld: cannot find -lpthreads
collect2: error: ld returned 1 exit status
CMakeFiles/cmTC_2619f.dir/build.make:97: recipe for target 'cmTC_2619f' failed
make[1]: *** [cmTC_2619f] Error 1
make[1]: Leaving directory '/home/iaslab/TesiRC/d2co/build/CMakeFiles/CMakeTmp'
Makefile:126: recipe for target 'cmTC_2619f/fast' failed
make: *** [cmTC_2619f/fast] Error 2


